<?xml version="1.0" encoding="UTF-8"?>
<testsuites name="healthcare-tests - TS_RegressionTest" time="14.472" tests="2" failures="0" errors="0">
   <testsuite name="healthcare-tests - TS_RegressionTest" tests="2" failures="0" errors="0" time="14.472" skipped="0" timestamp="07-02-2024T14:23:12" hostname="desynilaaa - localhost" id="Test Suites/healthcare-tests - TS_RegressionTest">
      <properties>
         <property name="deviceName" value=""/>
         <property name="devicePlatform" value=""/>
         <property name="logFolder" value="/Users/desynilaaa/Katalon Studio/Healthcare_automation/Reports/20240207_142305/healthcare-tests - TS_RegressionTest/20240207_142305"/>
         <property name="logFiles" value="/Users/desynilaaa/Katalon Studio/Healthcare_automation/Reports/20240207_142305/healthcare-tests - TS_RegressionTest/20240207_142305/execution0.log"/>
         <property name="attachments" value=""/>
         <property name="hostName" value="desynilaaa - localhost"/>
         <property name="os" value="Mac OS X 64bit"/>
         <property name="katalonVersion" value="9.3.0.212"/>
         <property name="browser" value="Chrome 121.0.0.0"/>
         <property name="hostAddress" value="127.0.0.1"/>
         <property name="sessionId" value="282fe80018ecdf3cb48199d94ee8be50"/>
         <property name="seleniumVersion" value="3.141.59"/>
         <property name="proxyInformation" value="ProxyInformation { proxyOption=NO_PROXY, proxyServerType=HTTP, username=, password=********, proxyServerAddress=, proxyServerPort=0, executionList=&quot;&quot;, isApplyToDesiredCapabilities=true }"/>
         <property name="platform" value="Mac OS X"/>
      </properties>
      <testcase name="Test Cases/First Test Case" time="11.779" classname="Test Cases/First Test Case" status="PASSED">
         <system-out><![CDATA[07-02-2024T14:23:12 - [TEST_CASE][PASSED] - Test Cases/First Test Case: Test Cases/First Test Case

07-02-2024T14:23:12 - [TEST_STEP][PASSED] - openBrowser(""): Browser is opened with url: ''

07-02-2024T14:23:12 - [MESSAGE][INFO] - Starting 'Chrome' driver

07-02-2024T14:23:12 - [MESSAGE][INFO] - Action delay is set to 0 milliseconds

07-02-2024T14:23:15 - [MESSAGE][PASSED] - Browser is opened with url: ''

07-02-2024T14:23:15 - [TEST_STEP][PASSED] - navigateToUrl("https://katalon-demo-cura.herokuapp.com/"): Navigate to 'https://katalon-demo-cura.herokuapp.com/' successfully

07-02-2024T14:23:18 - [MESSAGE][PASSED] - Navigate to 'https://katalon-demo-cura.herokuapp.com/' successfully

07-02-2024T14:23:18 - [TEST_STEP][PASSED] - click(findTestObject("Object Repository/New Object/Page_CURA Healthcare Service/a_Make Appointment")): Object: 'Object Repository/New Object/Page_CURA Healthcare Service/a_Make Appointment' is clicked on

07-02-2024T14:23:19 - [MESSAGE][PASSED] - Object: 'Object Repository/New Object/Page_CURA Healthcare Service/a_Make Appointment' is clicked on

07-02-2024T14:23:19 - [TEST_STEP][PASSED] - setText(findTestObject("Object Repository/New Object/Page_CURA Healthcare Service/input_Username_username"), "John Doe"): Text 'John Doe' is set on object 'Object Repository/New Object/Page_CURA Healthcare Service/input_Username_username'

07-02-2024T14:23:20 - [MESSAGE][PASSED] - Text 'John Doe' is set on object 'Object Repository/New Object/Page_CURA Healthcare Service/input_Username_username'

07-02-2024T14:23:20 - [TEST_STEP][PASSED] - setEncryptedText(findTestObject("Object Repository/New Object/Page_CURA Healthcare Service/input_Password_password"), "g3/DOGG74jC3Flrr3yH+3D/yKbOqqUNM"): Text ****** has been set on object 'Object Repository/New Object/Page_CURA Healthcare Service/input_Password_password'

07-02-2024T14:23:20 - [MESSAGE][PASSED] - Text ****** has been set on object 'Object Repository/New Object/Page_CURA Healthcare Service/input_Password_password'

07-02-2024T14:23:20 - [TEST_STEP][PASSED] - click(findTestObject("Object Repository/New Object/Page_CURA Healthcare Service/button_Login")): Object: 'Object Repository/New Object/Page_CURA Healthcare Service/button_Login' is clicked on

07-02-2024T14:23:21 - [MESSAGE][PASSED] - Object: 'Object Repository/New Object/Page_CURA Healthcare Service/button_Login' is clicked on

07-02-2024T14:23:23 - [TEST_STEP][PASSED] - Video: Video recording for test case 'Test Cases/First Test Case' .

07-02-2024T14:23:23 - [MESSAGE][INFO] - Video recording for test case 'Test Cases/First Test Case' .]]></system-out>
         <system-err><![CDATA[]]></system-err>
      </testcase>
      <testcase name="Test Cases/Main Test Cases/TC1_Verify Successful Login" time="2.546" classname="Test Cases/Main Test Cases/TC1_Verify Successful Login" status="PASSED">
         <system-out><![CDATA[07-02-2024T14:23:24 - [TEST_CASE][PASSED] - Test Cases/Main Test Cases/TC1_Verify Successful Login: Test Cases/Main Test Cases/TC1_Verify Successful Login

07-02-2024T14:23:24 - [TEST_STEP][PASSED] - if (individualRun): null

07-02-2024T14:23:24 - [TEST_STEP][PASSED] - landingPage = verifyElementPresent(findTestObject("Page_CuraAppointment/div_Appointment"), G_Timeout): Object 'Object Repository/Page_CuraAppointment/div_Appointment' is present

07-02-2024T14:23:24 - [MESSAGE][PASSED] - Object 'Object Repository/Page_CuraAppointment/div_Appointment' is present

07-02-2024T14:23:24 - [TEST_STEP][PASSED] - closeBrowser(): Browser is closed

07-02-2024T14:23:24 - [MESSAGE][PASSED] - Browser is closed

07-02-2024T14:23:26 - [TEST_STEP][PASSED] - Video: Video recording for test case 'Test Cases/Main Test Cases/TC1_Verify Successful Login' .

07-02-2024T14:23:26 - [MESSAGE][INFO] - Video recording for test case 'Test Cases/Main Test Cases/TC1_Verify Successful Login' .]]></system-out>
         <system-err><![CDATA[]]></system-err>
      </testcase>
      <system-out><![CDATA[07-02-2024T14:23:12 - [TEST_SUITE][PASSED] - healthcare-tests - TS_RegressionTest: Test Cases/Main Test Cases/TC1_Verify Successful Login]]></system-out>
      <system-err><![CDATA[]]></system-err>
   </testsuite>
</testsuites>
